[21:23:29] {c:\Users\Yohannes\Desktop\M.ScThesis\Code\Grasp\hardware\device.py:10} INFO - With GPU acceleration (CUDA found).
[21:23:29] {c:\Users\Yohannes\Desktop\M.ScThesis\Code\Grasp\train_network.py:177} INFO - Loading cornell Dataset...
[21:23:29] {c:\Users\Yohannes\Desktop\M.ScThesis\Code\Grasp\train_network.py:185} INFO - Dataset size is 885
[21:23:29] {c:\Users\Yohannes\Desktop\M.ScThesis\Code\Grasp\train_network.py:191} INFO - Training size: 796
[21:23:29] {c:\Users\Yohannes\Desktop\M.ScThesis\Code\Grasp\train_network.py:192} INFO - Validation size: 89
[21:23:29] {c:\Users\Yohannes\Desktop\M.ScThesis\Code\Grasp\train_network.py:210} INFO - Done
[21:23:30] {c:\Users\Yohannes\Desktop\M.ScThesis\Code\Grasp\train_network.py:221} INFO - Done
[21:23:30] {c:\Users\Yohannes\Desktop\M.ScThesis\Code\Grasp\train_network.py:230} INFO - Epoch Number 00
[21:24:13] {c:\Users\Yohannes\Desktop\M.ScThesis\Code\Grasp\train_network.py:127} INFO - Epoch: 0, Batch: 10, Loss: 1.5860
[21:24:23] {c:\Users\Yohannes\Desktop\M.ScThesis\Code\Grasp\train_network.py:127} INFO - Epoch: 0, Batch: 20, Loss: 0.1850
[21:25:00] {c:\Users\Yohannes\Desktop\M.ScThesis\Code\Grasp\train_network.py:127} INFO - Epoch: 0, Batch: 30, Loss: 0.1159
[21:25:10] {c:\Users\Yohannes\Desktop\M.ScThesis\Code\Grasp\train_network.py:127} INFO - Epoch: 0, Batch: 40, Loss: 0.1499
[21:25:20] {c:\Users\Yohannes\Desktop\M.ScThesis\Code\Grasp\train_network.py:127} INFO - Epoch: 0, Batch: 50, Loss: 0.1055
[21:25:56] {c:\Users\Yohannes\Desktop\M.ScThesis\Code\Grasp\train_network.py:127} INFO - Epoch: 0, Batch: 60, Loss: 0.1011
[21:26:06] {c:\Users\Yohannes\Desktop\M.ScThesis\Code\Grasp\train_network.py:127} INFO - Epoch: 0, Batch: 70, Loss: 0.1166
[21:26:41] {c:\Users\Yohannes\Desktop\M.ScThesis\Code\Grasp\train_network.py:127} INFO - Epoch: 0, Batch: 80, Loss: 0.0961
[21:26:51] {c:\Users\Yohannes\Desktop\M.ScThesis\Code\Grasp\train_network.py:127} INFO - Epoch: 0, Batch: 90, Loss: 0.1376
[21:27:00] {c:\Users\Yohannes\Desktop\M.ScThesis\Code\Grasp\train_network.py:127} INFO - Epoch: 0, Batch: 100, Loss: 0.1117
[21:27:36] {c:\Users\Yohannes\Desktop\M.ScThesis\Code\Grasp\train_network.py:127} INFO - Epoch: 0, Batch: 110, Loss: 0.0852
[21:27:45] {c:\Users\Yohannes\Desktop\M.ScThesis\Code\Grasp\train_network.py:127} INFO - Epoch: 0, Batch: 120, Loss: 0.1269
[21:28:38] {c:\Users\Yohannes\Desktop\M.ScThesis\Code\Grasp\train_network.py:127} INFO - Epoch: 0, Batch: 130, Loss: 0.0944
[21:29:08] {c:\Users\Yohannes\Desktop\M.ScThesis\Code\Grasp\train_network.py:127} INFO - Epoch: 0, Batch: 140, Loss: 0.1103
[21:29:18] {c:\Users\Yohannes\Desktop\M.ScThesis\Code\Grasp\train_network.py:127} INFO - Epoch: 0, Batch: 150, Loss: 0.1383
[21:29:53] {c:\Users\Yohannes\Desktop\M.ScThesis\Code\Grasp\train_network.py:127} INFO - Epoch: 0, Batch: 160, Loss: 0.0889
[21:30:03] {c:\Users\Yohannes\Desktop\M.ScThesis\Code\Grasp\train_network.py:127} INFO - Epoch: 0, Batch: 170, Loss: 0.0936
[21:30:38] {c:\Users\Yohannes\Desktop\M.ScThesis\Code\Grasp\train_network.py:127} INFO - Epoch: 0, Batch: 180, Loss: 0.1127
[21:30:48] {c:\Users\Yohannes\Desktop\M.ScThesis\Code\Grasp\train_network.py:127} INFO - Epoch: 0, Batch: 190, Loss: 0.0861
[21:30:58] {c:\Users\Yohannes\Desktop\M.ScThesis\Code\Grasp\train_network.py:127} INFO - Epoch: 0, Batch: 200, Loss: 0.0805
[21:31:32] {c:\Users\Yohannes\Desktop\M.ScThesis\Code\Grasp\train_network.py:127} INFO - Epoch: 0, Batch: 210, Loss: 0.0789
[21:31:42] {c:\Users\Yohannes\Desktop\M.ScThesis\Code\Grasp\train_network.py:127} INFO - Epoch: 0, Batch: 220, Loss: 0.0790
[21:32:17] {c:\Users\Yohannes\Desktop\M.ScThesis\Code\Grasp\train_network.py:127} INFO - Epoch: 0, Batch: 230, Loss: 0.0901
[21:32:27] {c:\Users\Yohannes\Desktop\M.ScThesis\Code\Grasp\train_network.py:127} INFO - Epoch: 0, Batch: 240, Loss: 0.1237
[21:32:37] {c:\Users\Yohannes\Desktop\M.ScThesis\Code\Grasp\train_network.py:127} INFO - Epoch: 0, Batch: 250, Loss: 0.1318
[21:33:13] {c:\Users\Yohannes\Desktop\M.ScThesis\Code\Grasp\train_network.py:127} INFO - Epoch: 0, Batch: 260, Loss: 0.0855
[21:33:22] {c:\Users\Yohannes\Desktop\M.ScThesis\Code\Grasp\train_network.py:127} INFO - Epoch: 0, Batch: 270, Loss: 0.0840
[21:33:58] {c:\Users\Yohannes\Desktop\M.ScThesis\Code\Grasp\train_network.py:127} INFO - Epoch: 0, Batch: 280, Loss: 0.0922
[21:34:08] {c:\Users\Yohannes\Desktop\M.ScThesis\Code\Grasp\train_network.py:127} INFO - Epoch: 0, Batch: 290, Loss: 0.1079
[21:34:17] {c:\Users\Yohannes\Desktop\M.ScThesis\Code\Grasp\train_network.py:127} INFO - Epoch: 0, Batch: 300, Loss: 0.0944
[21:34:53] {c:\Users\Yohannes\Desktop\M.ScThesis\Code\Grasp\train_network.py:127} INFO - Epoch: 0, Batch: 310, Loss: 0.1260
[21:35:02] {c:\Users\Yohannes\Desktop\M.ScThesis\Code\Grasp\train_network.py:127} INFO - Epoch: 0, Batch: 320, Loss: 0.0879
[21:35:38] {c:\Users\Yohannes\Desktop\M.ScThesis\Code\Grasp\train_network.py:127} INFO - Epoch: 0, Batch: 330, Loss: 0.0694
[21:35:47] {c:\Users\Yohannes\Desktop\M.ScThesis\Code\Grasp\train_network.py:127} INFO - Epoch: 0, Batch: 340, Loss: 0.1211
[21:35:57] {c:\Users\Yohannes\Desktop\M.ScThesis\Code\Grasp\train_network.py:127} INFO - Epoch: 0, Batch: 350, Loss: 0.0867
[21:36:32] {c:\Users\Yohannes\Desktop\M.ScThesis\Code\Grasp\train_network.py:127} INFO - Epoch: 0, Batch: 360, Loss: 0.0938
[21:36:42] {c:\Users\Yohannes\Desktop\M.ScThesis\Code\Grasp\train_network.py:127} INFO - Epoch: 0, Batch: 370, Loss: 0.0807
[21:37:17] {c:\Users\Yohannes\Desktop\M.ScThesis\Code\Grasp\train_network.py:127} INFO - Epoch: 0, Batch: 380, Loss: 0.0784
[21:37:27] {c:\Users\Yohannes\Desktop\M.ScThesis\Code\Grasp\train_network.py:127} INFO - Epoch: 0, Batch: 390, Loss: 0.1138
[21:37:36] {c:\Users\Yohannes\Desktop\M.ScThesis\Code\Grasp\train_network.py:127} INFO - Epoch: 0, Batch: 400, Loss: 0.0930
[21:38:11] {c:\Users\Yohannes\Desktop\M.ScThesis\Code\Grasp\train_network.py:127} INFO - Epoch: 0, Batch: 410, Loss: 0.0915
[21:38:21] {c:\Users\Yohannes\Desktop\M.ScThesis\Code\Grasp\train_network.py:127} INFO - Epoch: 0, Batch: 420, Loss: 0.1173
[21:38:56] {c:\Users\Yohannes\Desktop\M.ScThesis\Code\Grasp\train_network.py:127} INFO - Epoch: 0, Batch: 430, Loss: 0.1022
[21:39:06] {c:\Users\Yohannes\Desktop\M.ScThesis\Code\Grasp\train_network.py:127} INFO - Epoch: 0, Batch: 440, Loss: 0.0761
[21:39:15] {c:\Users\Yohannes\Desktop\M.ScThesis\Code\Grasp\train_network.py:127} INFO - Epoch: 0, Batch: 450, Loss: 0.0656
[21:39:50] {c:\Users\Yohannes\Desktop\M.ScThesis\Code\Grasp\train_network.py:127} INFO - Epoch: 0, Batch: 460, Loss: 0.0853
[21:40:00] {c:\Users\Yohannes\Desktop\M.ScThesis\Code\Grasp\train_network.py:127} INFO - Epoch: 0, Batch: 470, Loss: 0.0768
[21:40:35] {c:\Users\Yohannes\Desktop\M.ScThesis\Code\Grasp\train_network.py:127} INFO - Epoch: 0, Batch: 480, Loss: 0.1255
[21:40:45] {c:\Users\Yohannes\Desktop\M.ScThesis\Code\Grasp\train_network.py:127} INFO - Epoch: 0, Batch: 490, Loss: 0.0712
[21:40:54] {c:\Users\Yohannes\Desktop\M.ScThesis\Code\Grasp\train_network.py:127} INFO - Epoch: 0, Batch: 500, Loss: 0.1019
[21:41:29] {c:\Users\Yohannes\Desktop\M.ScThesis\Code\Grasp\train_network.py:127} INFO - Epoch: 0, Batch: 510, Loss: 0.0786
[21:41:39] {c:\Users\Yohannes\Desktop\M.ScThesis\Code\Grasp\train_network.py:127} INFO - Epoch: 0, Batch: 520, Loss: 0.0677
[21:42:14] {c:\Users\Yohannes\Desktop\M.ScThesis\Code\Grasp\train_network.py:127} INFO - Epoch: 0, Batch: 530, Loss: 0.1165
[21:42:24] {c:\Users\Yohannes\Desktop\M.ScThesis\Code\Grasp\train_network.py:127} INFO - Epoch: 0, Batch: 540, Loss: 0.0937
[21:42:34] {c:\Users\Yohannes\Desktop\M.ScThesis\Code\Grasp\train_network.py:127} INFO - Epoch: 0, Batch: 550, Loss: 0.0836
[21:43:10] {c:\Users\Yohannes\Desktop\M.ScThesis\Code\Grasp\train_network.py:127} INFO - Epoch: 0, Batch: 560, Loss: 0.0982
[21:43:20] {c:\Users\Yohannes\Desktop\M.ScThesis\Code\Grasp\train_network.py:127} INFO - Epoch: 0, Batch: 570, Loss: 0.1355
[21:43:58] {c:\Users\Yohannes\Desktop\M.ScThesis\Code\Grasp\train_network.py:127} INFO - Epoch: 0, Batch: 580, Loss: 0.0787
[21:44:09] {c:\Users\Yohannes\Desktop\M.ScThesis\Code\Grasp\train_network.py:127} INFO - Epoch: 0, Batch: 590, Loss: 0.0828
[21:44:19] {c:\Users\Yohannes\Desktop\M.ScThesis\Code\Grasp\train_network.py:127} INFO - Epoch: 0, Batch: 600, Loss: 0.1008
[21:44:59] {c:\Users\Yohannes\Desktop\M.ScThesis\Code\Grasp\train_network.py:127} INFO - Epoch: 0, Batch: 610, Loss: 0.1051
[21:45:09] {c:\Users\Yohannes\Desktop\M.ScThesis\Code\Grasp\train_network.py:127} INFO - Epoch: 0, Batch: 620, Loss: 0.0759
[21:45:47] {c:\Users\Yohannes\Desktop\M.ScThesis\Code\Grasp\train_network.py:127} INFO - Epoch: 0, Batch: 630, Loss: 0.0889
[21:45:57] {c:\Users\Yohannes\Desktop\M.ScThesis\Code\Grasp\train_network.py:127} INFO - Epoch: 0, Batch: 640, Loss: 0.0910
[21:46:07] {c:\Users\Yohannes\Desktop\M.ScThesis\Code\Grasp\train_network.py:127} INFO - Epoch: 0, Batch: 650, Loss: 0.0743
[21:46:44] {c:\Users\Yohannes\Desktop\M.ScThesis\Code\Grasp\train_network.py:127} INFO - Epoch: 0, Batch: 660, Loss: 0.0948
[21:46:54] {c:\Users\Yohannes\Desktop\M.ScThesis\Code\Grasp\train_network.py:127} INFO - Epoch: 0, Batch: 670, Loss: 0.0726
[21:47:30] {c:\Users\Yohannes\Desktop\M.ScThesis\Code\Grasp\train_network.py:127} INFO - Epoch: 0, Batch: 680, Loss: 0.0795
[21:47:40] {c:\Users\Yohannes\Desktop\M.ScThesis\Code\Grasp\train_network.py:127} INFO - Epoch: 0, Batch: 690, Loss: 0.1290
[21:47:50] {c:\Users\Yohannes\Desktop\M.ScThesis\Code\Grasp\train_network.py:127} INFO - Epoch: 0, Batch: 700, Loss: 0.0866
[21:48:26] {c:\Users\Yohannes\Desktop\M.ScThesis\Code\Grasp\train_network.py:127} INFO - Epoch: 0, Batch: 710, Loss: 0.0944
[21:48:36] {c:\Users\Yohannes\Desktop\M.ScThesis\Code\Grasp\train_network.py:127} INFO - Epoch: 0, Batch: 720, Loss: 0.0781
[21:49:12] {c:\Users\Yohannes\Desktop\M.ScThesis\Code\Grasp\train_network.py:127} INFO - Epoch: 0, Batch: 730, Loss: 0.0884
[21:49:22] {c:\Users\Yohannes\Desktop\M.ScThesis\Code\Grasp\train_network.py:127} INFO - Epoch: 0, Batch: 740, Loss: 0.1330
[21:49:32] {c:\Users\Yohannes\Desktop\M.ScThesis\Code\Grasp\train_network.py:127} INFO - Epoch: 0, Batch: 750, Loss: 0.0675
[21:50:08] {c:\Users\Yohannes\Desktop\M.ScThesis\Code\Grasp\train_network.py:127} INFO - Epoch: 0, Batch: 760, Loss: 0.0905
[21:50:18] {c:\Users\Yohannes\Desktop\M.ScThesis\Code\Grasp\train_network.py:127} INFO - Epoch: 0, Batch: 770, Loss: 0.1128
[21:50:55] {c:\Users\Yohannes\Desktop\M.ScThesis\Code\Grasp\train_network.py:127} INFO - Epoch: 0, Batch: 780, Loss: 0.0757
[21:51:05] {c:\Users\Yohannes\Desktop\M.ScThesis\Code\Grasp\train_network.py:127} INFO - Epoch: 0, Batch: 790, Loss: 0.0960
[21:51:15] {c:\Users\Yohannes\Desktop\M.ScThesis\Code\Grasp\train_network.py:127} INFO - Epoch: 0, Batch: 800, Loss: 0.0781
[21:51:57] {c:\Users\Yohannes\Desktop\M.ScThesis\Code\Grasp\train_network.py:127} INFO - Epoch: 0, Batch: 810, Loss: 0.0588
[21:52:08] {c:\Users\Yohannes\Desktop\M.ScThesis\Code\Grasp\train_network.py:127} INFO - Epoch: 0, Batch: 820, Loss: 0.0819
[21:52:49] {c:\Users\Yohannes\Desktop\M.ScThesis\Code\Grasp\train_network.py:127} INFO - Epoch: 0, Batch: 830, Loss: 0.1035
[21:53:01] {c:\Users\Yohannes\Desktop\M.ScThesis\Code\Grasp\train_network.py:127} INFO - Epoch: 0, Batch: 840, Loss: 0.0807
[21:53:14] {c:\Users\Yohannes\Desktop\M.ScThesis\Code\Grasp\train_network.py:127} INFO - Epoch: 0, Batch: 850, Loss: 0.0710
[21:53:52] {c:\Users\Yohannes\Desktop\M.ScThesis\Code\Grasp\train_network.py:127} INFO - Epoch: 0, Batch: 860, Loss: 0.0848
[21:54:02] {c:\Users\Yohannes\Desktop\M.ScThesis\Code\Grasp\train_network.py:127} INFO - Epoch: 0, Batch: 870, Loss: 0.0931
[21:54:37] {c:\Users\Yohannes\Desktop\M.ScThesis\Code\Grasp\train_network.py:127} INFO - Epoch: 0, Batch: 880, Loss: 0.0827
[21:54:47] {c:\Users\Yohannes\Desktop\M.ScThesis\Code\Grasp\train_network.py:127} INFO - Epoch: 0, Batch: 890, Loss: 0.0880
[21:54:56] {c:\Users\Yohannes\Desktop\M.ScThesis\Code\Grasp\train_network.py:127} INFO - Epoch: 0, Batch: 900, Loss: 0.0768
[21:55:32] {c:\Users\Yohannes\Desktop\M.ScThesis\Code\Grasp\train_network.py:127} INFO - Epoch: 0, Batch: 910, Loss: 0.0615
[21:55:41] {c:\Users\Yohannes\Desktop\M.ScThesis\Code\Grasp\train_network.py:127} INFO - Epoch: 0, Batch: 920, Loss: 0.0886
[21:56:17] {c:\Users\Yohannes\Desktop\M.ScThesis\Code\Grasp\train_network.py:127} INFO - Epoch: 0, Batch: 930, Loss: 0.0620
[21:56:26] {c:\Users\Yohannes\Desktop\M.ScThesis\Code\Grasp\train_network.py:127} INFO - Epoch: 0, Batch: 940, Loss: 0.0612
[21:56:36] {c:\Users\Yohannes\Desktop\M.ScThesis\Code\Grasp\train_network.py:127} INFO - Epoch: 0, Batch: 950, Loss: 0.0995
[21:57:11] {c:\Users\Yohannes\Desktop\M.ScThesis\Code\Grasp\train_network.py:127} INFO - Epoch: 0, Batch: 960, Loss: 0.1243
[21:57:21] {c:\Users\Yohannes\Desktop\M.ScThesis\Code\Grasp\train_network.py:127} INFO - Epoch: 0, Batch: 970, Loss: 0.0767
[21:57:56] {c:\Users\Yohannes\Desktop\M.ScThesis\Code\Grasp\train_network.py:127} INFO - Epoch: 0, Batch: 980, Loss: 0.0946
[21:58:06] {c:\Users\Yohannes\Desktop\M.ScThesis\Code\Grasp\train_network.py:127} INFO - Epoch: 0, Batch: 990, Loss: 0.1059
[21:58:46] {c:\Users\Yohannes\Desktop\M.ScThesis\Code\Grasp\train_network.py:239} INFO - Validating...
[21:59:10] {c:\Users\Yohannes\Desktop\M.ScThesis\Code\Grasp\train_network.py:241} INFO - 37/89 = 0.415730
[21:59:10] {c:\Users\Yohannes\Desktop\M.ScThesis\Code\Grasp\train_network.py:230} INFO - Epoch Number 01
[21:59:45] {c:\Users\Yohannes\Desktop\M.ScThesis\Code\Grasp\train_network.py:127} INFO - Epoch: 1, Batch: 10, Loss: 0.0794
[21:59:54] {c:\Users\Yohannes\Desktop\M.ScThesis\Code\Grasp\train_network.py:127} INFO - Epoch: 1, Batch: 20, Loss: 0.0772
[22:00:31] {c:\Users\Yohannes\Desktop\M.ScThesis\Code\Grasp\train_network.py:127} INFO - Epoch: 1, Batch: 30, Loss: 0.0779
[22:00:41] {c:\Users\Yohannes\Desktop\M.ScThesis\Code\Grasp\train_network.py:127} INFO - Epoch: 1, Batch: 40, Loss: 0.0934
[22:00:51] {c:\Users\Yohannes\Desktop\M.ScThesis\Code\Grasp\train_network.py:127} INFO - Epoch: 1, Batch: 50, Loss: 0.0648
[22:01:28] {c:\Users\Yohannes\Desktop\M.ScThesis\Code\Grasp\train_network.py:127} INFO - Epoch: 1, Batch: 60, Loss: 0.0686
[22:01:38] {c:\Users\Yohannes\Desktop\M.ScThesis\Code\Grasp\train_network.py:127} INFO - Epoch: 1, Batch: 70, Loss: 0.0827
[22:02:14] {c:\Users\Yohannes\Desktop\M.ScThesis\Code\Grasp\train_network.py:127} INFO - Epoch: 1, Batch: 80, Loss: 0.0871
[22:02:24] {c:\Users\Yohannes\Desktop\M.ScThesis\Code\Grasp\train_network.py:127} INFO - Epoch: 1, Batch: 90, Loss: 0.0555
[22:02:34] {c:\Users\Yohannes\Desktop\M.ScThesis\Code\Grasp\train_network.py:127} INFO - Epoch: 1, Batch: 100, Loss: 0.0863
[22:03:10] {c:\Users\Yohannes\Desktop\M.ScThesis\Code\Grasp\train_network.py:127} INFO - Epoch: 1, Batch: 110, Loss: 0.0723
[22:03:20] {c:\Users\Yohannes\Desktop\M.ScThesis\Code\Grasp\train_network.py:127} INFO - Epoch: 1, Batch: 120, Loss: 0.1167
[22:04:00] {c:\Users\Yohannes\Desktop\M.ScThesis\Code\Grasp\train_network.py:127} INFO - Epoch: 1, Batch: 130, Loss: 0.0741
[22:04:10] {c:\Users\Yohannes\Desktop\M.ScThesis\Code\Grasp\train_network.py:127} INFO - Epoch: 1, Batch: 140, Loss: 0.0910
[22:04:19] {c:\Users\Yohannes\Desktop\M.ScThesis\Code\Grasp\train_network.py:127} INFO - Epoch: 1, Batch: 150, Loss: 0.0721
[22:04:57] {c:\Users\Yohannes\Desktop\M.ScThesis\Code\Grasp\train_network.py:127} INFO - Epoch: 1, Batch: 160, Loss: 0.0682
[22:05:06] {c:\Users\Yohannes\Desktop\M.ScThesis\Code\Grasp\train_network.py:127} INFO - Epoch: 1, Batch: 170, Loss: 0.0759
[22:05:43] {c:\Users\Yohannes\Desktop\M.ScThesis\Code\Grasp\train_network.py:127} INFO - Epoch: 1, Batch: 180, Loss: 0.0717
[22:05:53] {c:\Users\Yohannes\Desktop\M.ScThesis\Code\Grasp\train_network.py:127} INFO - Epoch: 1, Batch: 190, Loss: 0.0569
[22:06:03] {c:\Users\Yohannes\Desktop\M.ScThesis\Code\Grasp\train_network.py:127} INFO - Epoch: 1, Batch: 200, Loss: 0.0834
[22:06:41] {c:\Users\Yohannes\Desktop\M.ScThesis\Code\Grasp\train_network.py:127} INFO - Epoch: 1, Batch: 210, Loss: 0.0894
[22:06:50] {c:\Users\Yohannes\Desktop\M.ScThesis\Code\Grasp\train_network.py:127} INFO - Epoch: 1, Batch: 220, Loss: 0.0660
[22:07:28] {c:\Users\Yohannes\Desktop\M.ScThesis\Code\Grasp\train_network.py:127} INFO - Epoch: 1, Batch: 230, Loss: 0.0899
[22:07:38] {c:\Users\Yohannes\Desktop\M.ScThesis\Code\Grasp\train_network.py:127} INFO - Epoch: 1, Batch: 240, Loss: 0.0746
[22:07:48] {c:\Users\Yohannes\Desktop\M.ScThesis\Code\Grasp\train_network.py:127} INFO - Epoch: 1, Batch: 250, Loss: 0.0808
[22:08:25] {c:\Users\Yohannes\Desktop\M.ScThesis\Code\Grasp\train_network.py:127} INFO - Epoch: 1, Batch: 260, Loss: 0.0585
[22:08:34] {c:\Users\Yohannes\Desktop\M.ScThesis\Code\Grasp\train_network.py:127} INFO - Epoch: 1, Batch: 270, Loss: 0.0724
[22:09:11] {c:\Users\Yohannes\Desktop\M.ScThesis\Code\Grasp\train_network.py:127} INFO - Epoch: 1, Batch: 280, Loss: 0.0728
[22:09:21] {c:\Users\Yohannes\Desktop\M.ScThesis\Code\Grasp\train_network.py:127} INFO - Epoch: 1, Batch: 290, Loss: 0.1191
[22:09:31] {c:\Users\Yohannes\Desktop\M.ScThesis\Code\Grasp\train_network.py:127} INFO - Epoch: 1, Batch: 300, Loss: 0.0842
[22:10:08] {c:\Users\Yohannes\Desktop\M.ScThesis\Code\Grasp\train_network.py:127} INFO - Epoch: 1, Batch: 310, Loss: 0.1207
[22:10:20] {c:\Users\Yohannes\Desktop\M.ScThesis\Code\Grasp\train_network.py:127} INFO - Epoch: 1, Batch: 320, Loss: 0.0676
[22:10:57] {c:\Users\Yohannes\Desktop\M.ScThesis\Code\Grasp\train_network.py:127} INFO - Epoch: 1, Batch: 330, Loss: 0.0574
[22:11:08] {c:\Users\Yohannes\Desktop\M.ScThesis\Code\Grasp\train_network.py:127} INFO - Epoch: 1, Batch: 340, Loss: 0.0789
[22:11:18] {c:\Users\Yohannes\Desktop\M.ScThesis\Code\Grasp\train_network.py:127} INFO - Epoch: 1, Batch: 350, Loss: 0.0876
[22:11:57] {c:\Users\Yohannes\Desktop\M.ScThesis\Code\Grasp\train_network.py:127} INFO - Epoch: 1, Batch: 360, Loss: 0.0552
[22:12:07] {c:\Users\Yohannes\Desktop\M.ScThesis\Code\Grasp\train_network.py:127} INFO - Epoch: 1, Batch: 370, Loss: 0.0733
[22:12:46] {c:\Users\Yohannes\Desktop\M.ScThesis\Code\Grasp\train_network.py:127} INFO - Epoch: 1, Batch: 380, Loss: 0.0828
[22:12:56] {c:\Users\Yohannes\Desktop\M.ScThesis\Code\Grasp\train_network.py:127} INFO - Epoch: 1, Batch: 390, Loss: 0.0792
[22:13:06] {c:\Users\Yohannes\Desktop\M.ScThesis\Code\Grasp\train_network.py:127} INFO - Epoch: 1, Batch: 400, Loss: 0.0791
[22:13:44] {c:\Users\Yohannes\Desktop\M.ScThesis\Code\Grasp\train_network.py:127} INFO - Epoch: 1, Batch: 410, Loss: 0.0693
[22:13:54] {c:\Users\Yohannes\Desktop\M.ScThesis\Code\Grasp\train_network.py:127} INFO - Epoch: 1, Batch: 420, Loss: 0.0794
[22:14:32] {c:\Users\Yohannes\Desktop\M.ScThesis\Code\Grasp\train_network.py:127} INFO - Epoch: 1, Batch: 430, Loss: 0.0526
[22:14:42] {c:\Users\Yohannes\Desktop\M.ScThesis\Code\Grasp\train_network.py:127} INFO - Epoch: 1, Batch: 440, Loss: 0.0802
[22:14:53] {c:\Users\Yohannes\Desktop\M.ScThesis\Code\Grasp\train_network.py:127} INFO - Epoch: 1, Batch: 450, Loss: 0.0890
[22:15:32] {c:\Users\Yohannes\Desktop\M.ScThesis\Code\Grasp\train_network.py:127} INFO - Epoch: 1, Batch: 460, Loss: 0.0892
[22:15:42] {c:\Users\Yohannes\Desktop\M.ScThesis\Code\Grasp\train_network.py:127} INFO - Epoch: 1, Batch: 470, Loss: 0.0816
[22:16:18] {c:\Users\Yohannes\Desktop\M.ScThesis\Code\Grasp\train_network.py:127} INFO - Epoch: 1, Batch: 480, Loss: 0.0926
[22:16:28] {c:\Users\Yohannes\Desktop\M.ScThesis\Code\Grasp\train_network.py:127} INFO - Epoch: 1, Batch: 490, Loss: 0.0992
[22:16:38] {c:\Users\Yohannes\Desktop\M.ScThesis\Code\Grasp\train_network.py:127} INFO - Epoch: 1, Batch: 500, Loss: 0.0637
[22:17:16] {c:\Users\Yohannes\Desktop\M.ScThesis\Code\Grasp\train_network.py:127} INFO - Epoch: 1, Batch: 510, Loss: 0.0723
[22:17:25] {c:\Users\Yohannes\Desktop\M.ScThesis\Code\Grasp\train_network.py:127} INFO - Epoch: 1, Batch: 520, Loss: 0.0986
[22:18:03] {c:\Users\Yohannes\Desktop\M.ScThesis\Code\Grasp\train_network.py:127} INFO - Epoch: 1, Batch: 530, Loss: 0.0752
[22:18:13] {c:\Users\Yohannes\Desktop\M.ScThesis\Code\Grasp\train_network.py:127} INFO - Epoch: 1, Batch: 540, Loss: 0.0947
[22:18:24] {c:\Users\Yohannes\Desktop\M.ScThesis\Code\Grasp\train_network.py:127} INFO - Epoch: 1, Batch: 550, Loss: 0.0996
[22:19:04] {c:\Users\Yohannes\Desktop\M.ScThesis\Code\Grasp\train_network.py:127} INFO - Epoch: 1, Batch: 560, Loss: 0.0696
[22:19:15] {c:\Users\Yohannes\Desktop\M.ScThesis\Code\Grasp\train_network.py:127} INFO - Epoch: 1, Batch: 570, Loss: 0.0725
[22:19:53] {c:\Users\Yohannes\Desktop\M.ScThesis\Code\Grasp\train_network.py:127} INFO - Epoch: 1, Batch: 580, Loss: 0.0838
[22:20:04] {c:\Users\Yohannes\Desktop\M.ScThesis\Code\Grasp\train_network.py:127} INFO - Epoch: 1, Batch: 590, Loss: 0.0773
[22:20:14] {c:\Users\Yohannes\Desktop\M.ScThesis\Code\Grasp\train_network.py:127} INFO - Epoch: 1, Batch: 600, Loss: 0.0595
[22:20:50] {c:\Users\Yohannes\Desktop\M.ScThesis\Code\Grasp\train_network.py:127} INFO - Epoch: 1, Batch: 610, Loss: 0.1043
[22:21:00] {c:\Users\Yohannes\Desktop\M.ScThesis\Code\Grasp\train_network.py:127} INFO - Epoch: 1, Batch: 620, Loss: 0.0861
[22:21:37] {c:\Users\Yohannes\Desktop\M.ScThesis\Code\Grasp\train_network.py:127} INFO - Epoch: 1, Batch: 630, Loss: 0.0753
[22:21:47] {c:\Users\Yohannes\Desktop\M.ScThesis\Code\Grasp\train_network.py:127} INFO - Epoch: 1, Batch: 640, Loss: 0.0858
[22:21:57] {c:\Users\Yohannes\Desktop\M.ScThesis\Code\Grasp\train_network.py:127} INFO - Epoch: 1, Batch: 650, Loss: 0.0882
[22:22:34] {c:\Users\Yohannes\Desktop\M.ScThesis\Code\Grasp\train_network.py:127} INFO - Epoch: 1, Batch: 660, Loss: 0.0819
[22:22:44] {c:\Users\Yohannes\Desktop\M.ScThesis\Code\Grasp\train_network.py:127} INFO - Epoch: 1, Batch: 670, Loss: 0.0725
[22:23:20] {c:\Users\Yohannes\Desktop\M.ScThesis\Code\Grasp\train_network.py:127} INFO - Epoch: 1, Batch: 680, Loss: 0.0521
[22:23:30] {c:\Users\Yohannes\Desktop\M.ScThesis\Code\Grasp\train_network.py:127} INFO - Epoch: 1, Batch: 690, Loss: 0.0784
[22:23:40] {c:\Users\Yohannes\Desktop\M.ScThesis\Code\Grasp\train_network.py:127} INFO - Epoch: 1, Batch: 700, Loss: 0.0870
[22:24:16] {c:\Users\Yohannes\Desktop\M.ScThesis\Code\Grasp\train_network.py:127} INFO - Epoch: 1, Batch: 710, Loss: 0.0976
[22:24:26] {c:\Users\Yohannes\Desktop\M.ScThesis\Code\Grasp\train_network.py:127} INFO - Epoch: 1, Batch: 720, Loss: 0.0714
[22:25:01] {c:\Users\Yohannes\Desktop\M.ScThesis\Code\Grasp\train_network.py:127} INFO - Epoch: 1, Batch: 730, Loss: 0.0616
[22:25:11] {c:\Users\Yohannes\Desktop\M.ScThesis\Code\Grasp\train_network.py:127} INFO - Epoch: 1, Batch: 740, Loss: 0.0942
[22:25:21] {c:\Users\Yohannes\Desktop\M.ScThesis\Code\Grasp\train_network.py:127} INFO - Epoch: 1, Batch: 750, Loss: 0.1052
[22:25:57] {c:\Users\Yohannes\Desktop\M.ScThesis\Code\Grasp\train_network.py:127} INFO - Epoch: 1, Batch: 760, Loss: 0.0829
[22:26:07] {c:\Users\Yohannes\Desktop\M.ScThesis\Code\Grasp\train_network.py:127} INFO - Epoch: 1, Batch: 770, Loss: 0.0587
[22:26:42] {c:\Users\Yohannes\Desktop\M.ScThesis\Code\Grasp\train_network.py:127} INFO - Epoch: 1, Batch: 780, Loss: 0.1007
[22:26:52] {c:\Users\Yohannes\Desktop\M.ScThesis\Code\Grasp\train_network.py:127} INFO - Epoch: 1, Batch: 790, Loss: 0.0553
[22:27:02] {c:\Users\Yohannes\Desktop\M.ScThesis\Code\Grasp\train_network.py:127} INFO - Epoch: 1, Batch: 800, Loss: 0.0730
[22:27:38] {c:\Users\Yohannes\Desktop\M.ScThesis\Code\Grasp\train_network.py:127} INFO - Epoch: 1, Batch: 810, Loss: 0.0679
[22:27:49] {c:\Users\Yohannes\Desktop\M.ScThesis\Code\Grasp\train_network.py:127} INFO - Epoch: 1, Batch: 820, Loss: 0.0903
[22:28:29] {c:\Users\Yohannes\Desktop\M.ScThesis\Code\Grasp\train_network.py:127} INFO - Epoch: 1, Batch: 830, Loss: 0.0801
[22:28:39] {c:\Users\Yohannes\Desktop\M.ScThesis\Code\Grasp\train_network.py:127} INFO - Epoch: 1, Batch: 840, Loss: 0.0767
[22:28:49] {c:\Users\Yohannes\Desktop\M.ScThesis\Code\Grasp\train_network.py:127} INFO - Epoch: 1, Batch: 850, Loss: 0.0562
[22:29:27] {c:\Users\Yohannes\Desktop\M.ScThesis\Code\Grasp\train_network.py:127} INFO - Epoch: 1, Batch: 860, Loss: 0.0573
[22:29:37] {c:\Users\Yohannes\Desktop\M.ScThesis\Code\Grasp\train_network.py:127} INFO - Epoch: 1, Batch: 870, Loss: 0.0619
[22:30:15] {c:\Users\Yohannes\Desktop\M.ScThesis\Code\Grasp\train_network.py:127} INFO - Epoch: 1, Batch: 880, Loss: 0.0609
[22:30:26] {c:\Users\Yohannes\Desktop\M.ScThesis\Code\Grasp\train_network.py:127} INFO - Epoch: 1, Batch: 890, Loss: 0.0606
[22:30:36] {c:\Users\Yohannes\Desktop\M.ScThesis\Code\Grasp\train_network.py:127} INFO - Epoch: 1, Batch: 900, Loss: 0.0636
[22:31:12] {c:\Users\Yohannes\Desktop\M.ScThesis\Code\Grasp\train_network.py:127} INFO - Epoch: 1, Batch: 910, Loss: 0.0891
[22:31:21] {c:\Users\Yohannes\Desktop\M.ScThesis\Code\Grasp\train_network.py:127} INFO - Epoch: 1, Batch: 920, Loss: 0.0850
[22:31:57] {c:\Users\Yohannes\Desktop\M.ScThesis\Code\Grasp\train_network.py:127} INFO - Epoch: 1, Batch: 930, Loss: 0.0903
[22:32:07] {c:\Users\Yohannes\Desktop\M.ScThesis\Code\Grasp\train_network.py:127} INFO - Epoch: 1, Batch: 940, Loss: 0.1022
[22:32:16] {c:\Users\Yohannes\Desktop\M.ScThesis\Code\Grasp\train_network.py:127} INFO - Epoch: 1, Batch: 950, Loss: 0.0778
[22:32:52] {c:\Users\Yohannes\Desktop\M.ScThesis\Code\Grasp\train_network.py:127} INFO - Epoch: 1, Batch: 960, Loss: 0.0653
[22:33:01] {c:\Users\Yohannes\Desktop\M.ScThesis\Code\Grasp\train_network.py:127} INFO - Epoch: 1, Batch: 970, Loss: 0.0784
[22:33:36] {c:\Users\Yohannes\Desktop\M.ScThesis\Code\Grasp\train_network.py:127} INFO - Epoch: 1, Batch: 980, Loss: 0.0535
[22:33:46] {c:\Users\Yohannes\Desktop\M.ScThesis\Code\Grasp\train_network.py:127} INFO - Epoch: 1, Batch: 990, Loss: 0.1011
[22:34:25] {c:\Users\Yohannes\Desktop\M.ScThesis\Code\Grasp\train_network.py:239} INFO - Validating...
[22:34:48] {c:\Users\Yohannes\Desktop\M.ScThesis\Code\Grasp\train_network.py:241} INFO - 53/89 = 0.595506
[22:34:48] {c:\Users\Yohannes\Desktop\M.ScThesis\Code\Grasp\train_network.py:230} INFO - Epoch Number 02
[22:35:23] {c:\Users\Yohannes\Desktop\M.ScThesis\Code\Grasp\train_network.py:127} INFO - Epoch: 2, Batch: 10, Loss: 0.0809
[22:35:32] {c:\Users\Yohannes\Desktop\M.ScThesis\Code\Grasp\train_network.py:127} INFO - Epoch: 2, Batch: 20, Loss: 0.0944
[22:36:07] {c:\Users\Yohannes\Desktop\M.ScThesis\Code\Grasp\train_network.py:127} INFO - Epoch: 2, Batch: 30, Loss: 0.0657
[22:36:16] {c:\Users\Yohannes\Desktop\M.ScThesis\Code\Grasp\train_network.py:127} INFO - Epoch: 2, Batch: 40, Loss: 0.1093
[22:36:26] {c:\Users\Yohannes\Desktop\M.ScThesis\Code\Grasp\train_network.py:127} INFO - Epoch: 2, Batch: 50, Loss: 0.0687
[22:37:01] {c:\Users\Yohannes\Desktop\M.ScThesis\Code\Grasp\train_network.py:127} INFO - Epoch: 2, Batch: 60, Loss: 0.0702
[22:37:10] {c:\Users\Yohannes\Desktop\M.ScThesis\Code\Grasp\train_network.py:127} INFO - Epoch: 2, Batch: 70, Loss: 0.0859
[22:37:46] {c:\Users\Yohannes\Desktop\M.ScThesis\Code\Grasp\train_network.py:127} INFO - Epoch: 2, Batch: 80, Loss: 0.0580
[22:37:55] {c:\Users\Yohannes\Desktop\M.ScThesis\Code\Grasp\train_network.py:127} INFO - Epoch: 2, Batch: 90, Loss: 0.0800
[22:38:05] {c:\Users\Yohannes\Desktop\M.ScThesis\Code\Grasp\train_network.py:127} INFO - Epoch: 2, Batch: 100, Loss: 0.0777
[22:38:40] {c:\Users\Yohannes\Desktop\M.ScThesis\Code\Grasp\train_network.py:127} INFO - Epoch: 2, Batch: 110, Loss: 0.0727
[22:38:50] {c:\Users\Yohannes\Desktop\M.ScThesis\Code\Grasp\train_network.py:127} INFO - Epoch: 2, Batch: 120, Loss: 0.0962
[22:39:24] {c:\Users\Yohannes\Desktop\M.ScThesis\Code\Grasp\train_network.py:127} INFO - Epoch: 2, Batch: 130, Loss: 0.0867
[22:39:34] {c:\Users\Yohannes\Desktop\M.ScThesis\Code\Grasp\train_network.py:127} INFO - Epoch: 2, Batch: 140, Loss: 0.0515
[22:39:43] {c:\Users\Yohannes\Desktop\M.ScThesis\Code\Grasp\train_network.py:127} INFO - Epoch: 2, Batch: 150, Loss: 0.0946
[22:40:18] {c:\Users\Yohannes\Desktop\M.ScThesis\Code\Grasp\train_network.py:127} INFO - Epoch: 2, Batch: 160, Loss: 0.0709
[22:40:28] {c:\Users\Yohannes\Desktop\M.ScThesis\Code\Grasp\train_network.py:127} INFO - Epoch: 2, Batch: 170, Loss: 0.0814
[22:41:03] {c:\Users\Yohannes\Desktop\M.ScThesis\Code\Grasp\train_network.py:127} INFO - Epoch: 2, Batch: 180, Loss: 0.0638
[22:41:12] {c:\Users\Yohannes\Desktop\M.ScThesis\Code\Grasp\train_network.py:127} INFO - Epoch: 2, Batch: 190, Loss: 0.0908
[22:41:22] {c:\Users\Yohannes\Desktop\M.ScThesis\Code\Grasp\train_network.py:127} INFO - Epoch: 2, Batch: 200, Loss: 0.0840
[22:41:56] {c:\Users\Yohannes\Desktop\M.ScThesis\Code\Grasp\train_network.py:127} INFO - Epoch: 2, Batch: 210, Loss: 0.0972
[22:42:06] {c:\Users\Yohannes\Desktop\M.ScThesis\Code\Grasp\train_network.py:127} INFO - Epoch: 2, Batch: 220, Loss: 0.0804
[22:42:40] {c:\Users\Yohannes\Desktop\M.ScThesis\Code\Grasp\train_network.py:127} INFO - Epoch: 2, Batch: 230, Loss: 0.0621
[22:42:50] {c:\Users\Yohannes\Desktop\M.ScThesis\Code\Grasp\train_network.py:127} INFO - Epoch: 2, Batch: 240, Loss: 0.0704
[22:42:59] {c:\Users\Yohannes\Desktop\M.ScThesis\Code\Grasp\train_network.py:127} INFO - Epoch: 2, Batch: 250, Loss: 0.0709
[22:43:34] {c:\Users\Yohannes\Desktop\M.ScThesis\Code\Grasp\train_network.py:127} INFO - Epoch: 2, Batch: 260, Loss: 0.0587
[22:43:44] {c:\Users\Yohannes\Desktop\M.ScThesis\Code\Grasp\train_network.py:127} INFO - Epoch: 2, Batch: 270, Loss: 0.0746
[22:44:18] {c:\Users\Yohannes\Desktop\M.ScThesis\Code\Grasp\train_network.py:127} INFO - Epoch: 2, Batch: 280, Loss: 0.0812
[22:44:28] {c:\Users\Yohannes\Desktop\M.ScThesis\Code\Grasp\train_network.py:127} INFO - Epoch: 2, Batch: 290, Loss: 0.0532
[22:44:37] {c:\Users\Yohannes\Desktop\M.ScThesis\Code\Grasp\train_network.py:127} INFO - Epoch: 2, Batch: 300, Loss: 0.0943
[22:45:12] {c:\Users\Yohannes\Desktop\M.ScThesis\Code\Grasp\train_network.py:127} INFO - Epoch: 2, Batch: 310, Loss: 0.0632
[22:45:22] {c:\Users\Yohannes\Desktop\M.ScThesis\Code\Grasp\train_network.py:127} INFO - Epoch: 2, Batch: 320, Loss: 0.0681
[22:45:56] {c:\Users\Yohannes\Desktop\M.ScThesis\Code\Grasp\train_network.py:127} INFO - Epoch: 2, Batch: 330, Loss: 0.0773
[22:46:06] {c:\Users\Yohannes\Desktop\M.ScThesis\Code\Grasp\train_network.py:127} INFO - Epoch: 2, Batch: 340, Loss: 0.1064
[22:46:15] {c:\Users\Yohannes\Desktop\M.ScThesis\Code\Grasp\train_network.py:127} INFO - Epoch: 2, Batch: 350, Loss: 0.1019
[22:46:50] {c:\Users\Yohannes\Desktop\M.ScThesis\Code\Grasp\train_network.py:127} INFO - Epoch: 2, Batch: 360, Loss: 0.0697
[22:46:59] {c:\Users\Yohannes\Desktop\M.ScThesis\Code\Grasp\train_network.py:127} INFO - Epoch: 2, Batch: 370, Loss: 0.0791
[22:47:34] {c:\Users\Yohannes\Desktop\M.ScThesis\Code\Grasp\train_network.py:127} INFO - Epoch: 2, Batch: 380, Loss: 0.0923
[22:47:44] {c:\Users\Yohannes\Desktop\M.ScThesis\Code\Grasp\train_network.py:127} INFO - Epoch: 2, Batch: 390, Loss: 0.0765
[22:47:53] {c:\Users\Yohannes\Desktop\M.ScThesis\Code\Grasp\train_network.py:127} INFO - Epoch: 2, Batch: 400, Loss: 0.0735
[22:48:28] {c:\Users\Yohannes\Desktop\M.ScThesis\Code\Grasp\train_network.py:127} INFO - Epoch: 2, Batch: 410, Loss: 0.0532
[22:48:38] {c:\Users\Yohannes\Desktop\M.ScThesis\Code\Grasp\train_network.py:127} INFO - Epoch: 2, Batch: 420, Loss: 0.0616
[22:49:12] {c:\Users\Yohannes\Desktop\M.ScThesis\Code\Grasp\train_network.py:127} INFO - Epoch: 2, Batch: 430, Loss: 0.0781
[22:49:22] {c:\Users\Yohannes\Desktop\M.ScThesis\Code\Grasp\train_network.py:127} INFO - Epoch: 2, Batch: 440, Loss: 0.0901
[22:49:31] {c:\Users\Yohannes\Desktop\M.ScThesis\Code\Grasp\train_network.py:127} INFO - Epoch: 2, Batch: 450, Loss: 0.0988
[22:50:05] {c:\Users\Yohannes\Desktop\M.ScThesis\Code\Grasp\train_network.py:127} INFO - Epoch: 2, Batch: 460, Loss: 0.0904
[22:50:15] {c:\Users\Yohannes\Desktop\M.ScThesis\Code\Grasp\train_network.py:127} INFO - Epoch: 2, Batch: 470, Loss: 0.1067
[22:50:50] {c:\Users\Yohannes\Desktop\M.ScThesis\Code\Grasp\train_network.py:127} INFO - Epoch: 2, Batch: 480, Loss: 0.0672
[22:50:59] {c:\Users\Yohannes\Desktop\M.ScThesis\Code\Grasp\train_network.py:127} INFO - Epoch: 2, Batch: 490, Loss: 0.0615
[22:51:09] {c:\Users\Yohannes\Desktop\M.ScThesis\Code\Grasp\train_network.py:127} INFO - Epoch: 2, Batch: 500, Loss: 0.0833
[22:51:43] {c:\Users\Yohannes\Desktop\M.ScThesis\Code\Grasp\train_network.py:127} INFO - Epoch: 2, Batch: 510, Loss: 0.0597
[22:51:53] {c:\Users\Yohannes\Desktop\M.ScThesis\Code\Grasp\train_network.py:127} INFO - Epoch: 2, Batch: 520, Loss: 0.0891
[22:52:27] {c:\Users\Yohannes\Desktop\M.ScThesis\Code\Grasp\train_network.py:127} INFO - Epoch: 2, Batch: 530, Loss: 0.0962
[22:52:37] {c:\Users\Yohannes\Desktop\M.ScThesis\Code\Grasp\train_network.py:127} INFO - Epoch: 2, Batch: 540, Loss: 0.0801
[22:52:46] {c:\Users\Yohannes\Desktop\M.ScThesis\Code\Grasp\train_network.py:127} INFO - Epoch: 2, Batch: 550, Loss: 0.0643
[22:53:21] {c:\Users\Yohannes\Desktop\M.ScThesis\Code\Grasp\train_network.py:127} INFO - Epoch: 2, Batch: 560, Loss: 0.0791
[22:53:30] {c:\Users\Yohannes\Desktop\M.ScThesis\Code\Grasp\train_network.py:127} INFO - Epoch: 2, Batch: 570, Loss: 0.0761
[22:54:05] {c:\Users\Yohannes\Desktop\M.ScThesis\Code\Grasp\train_network.py:127} INFO - Epoch: 2, Batch: 580, Loss: 0.0669
[22:54:14] {c:\Users\Yohannes\Desktop\M.ScThesis\Code\Grasp\train_network.py:127} INFO - Epoch: 2, Batch: 590, Loss: 0.0805
[22:54:24] {c:\Users\Yohannes\Desktop\M.ScThesis\Code\Grasp\train_network.py:127} INFO - Epoch: 2, Batch: 600, Loss: 0.0856
[22:54:59] {c:\Users\Yohannes\Desktop\M.ScThesis\Code\Grasp\train_network.py:127} INFO - Epoch: 2, Batch: 610, Loss: 0.0659
[22:55:08] {c:\Users\Yohannes\Desktop\M.ScThesis\Code\Grasp\train_network.py:127} INFO - Epoch: 2, Batch: 620, Loss: 0.0779
[22:55:43] {c:\Users\Yohannes\Desktop\M.ScThesis\Code\Grasp\train_network.py:127} INFO - Epoch: 2, Batch: 630, Loss: 0.0688
[22:55:52] {c:\Users\Yohannes\Desktop\M.ScThesis\Code\Grasp\train_network.py:127} INFO - Epoch: 2, Batch: 640, Loss: 0.0965
[22:56:02] {c:\Users\Yohannes\Desktop\M.ScThesis\Code\Grasp\train_network.py:127} INFO - Epoch: 2, Batch: 650, Loss: 0.0845
[22:56:36] {c:\Users\Yohannes\Desktop\M.ScThesis\Code\Grasp\train_network.py:127} INFO - Epoch: 2, Batch: 660, Loss: 0.0802
[22:56:46] {c:\Users\Yohannes\Desktop\M.ScThesis\Code\Grasp\train_network.py:127} INFO - Epoch: 2, Batch: 670, Loss: 0.0854
[22:57:20] {c:\Users\Yohannes\Desktop\M.ScThesis\Code\Grasp\train_network.py:127} INFO - Epoch: 2, Batch: 680, Loss: 0.1052
[22:57:30] {c:\Users\Yohannes\Desktop\M.ScThesis\Code\Grasp\train_network.py:127} INFO - Epoch: 2, Batch: 690, Loss: 0.0747
[22:57:39] {c:\Users\Yohannes\Desktop\M.ScThesis\Code\Grasp\train_network.py:127} INFO - Epoch: 2, Batch: 700, Loss: 0.0744
[22:58:14] {c:\Users\Yohannes\Desktop\M.ScThesis\Code\Grasp\train_network.py:127} INFO - Epoch: 2, Batch: 710, Loss: 0.0838
[22:58:23] {c:\Users\Yohannes\Desktop\M.ScThesis\Code\Grasp\train_network.py:127} INFO - Epoch: 2, Batch: 720, Loss: 0.0592
[22:58:58] {c:\Users\Yohannes\Desktop\M.ScThesis\Code\Grasp\train_network.py:127} INFO - Epoch: 2, Batch: 730, Loss: 0.0824
[22:59:07] {c:\Users\Yohannes\Desktop\M.ScThesis\Code\Grasp\train_network.py:127} INFO - Epoch: 2, Batch: 740, Loss: 0.0804
[22:59:17] {c:\Users\Yohannes\Desktop\M.ScThesis\Code\Grasp\train_network.py:127} INFO - Epoch: 2, Batch: 750, Loss: 0.0738
[22:59:51] {c:\Users\Yohannes\Desktop\M.ScThesis\Code\Grasp\train_network.py:127} INFO - Epoch: 2, Batch: 760, Loss: 0.0948
[23:00:01] {c:\Users\Yohannes\Desktop\M.ScThesis\Code\Grasp\train_network.py:127} INFO - Epoch: 2, Batch: 770, Loss: 0.0889
[23:00:35] {c:\Users\Yohannes\Desktop\M.ScThesis\Code\Grasp\train_network.py:127} INFO - Epoch: 2, Batch: 780, Loss: 0.0715
[23:00:45] {c:\Users\Yohannes\Desktop\M.ScThesis\Code\Grasp\train_network.py:127} INFO - Epoch: 2, Batch: 790, Loss: 0.0739
[23:00:54] {c:\Users\Yohannes\Desktop\M.ScThesis\Code\Grasp\train_network.py:127} INFO - Epoch: 2, Batch: 800, Loss: 0.0701
[23:01:29] {c:\Users\Yohannes\Desktop\M.ScThesis\Code\Grasp\train_network.py:127} INFO - Epoch: 2, Batch: 810, Loss: 0.0665
[23:01:39] {c:\Users\Yohannes\Desktop\M.ScThesis\Code\Grasp\train_network.py:127} INFO - Epoch: 2, Batch: 820, Loss: 0.0735
[23:02:13] {c:\Users\Yohannes\Desktop\M.ScThesis\Code\Grasp\train_network.py:127} INFO - Epoch: 2, Batch: 830, Loss: 0.0776
[23:02:23] {c:\Users\Yohannes\Desktop\M.ScThesis\Code\Grasp\train_network.py:127} INFO - Epoch: 2, Batch: 840, Loss: 0.0717
[23:02:32] {c:\Users\Yohannes\Desktop\M.ScThesis\Code\Grasp\train_network.py:127} INFO - Epoch: 2, Batch: 850, Loss: 0.0611
[23:03:06] {c:\Users\Yohannes\Desktop\M.ScThesis\Code\Grasp\train_network.py:127} INFO - Epoch: 2, Batch: 860, Loss: 0.0672
[23:03:17] {c:\Users\Yohannes\Desktop\M.ScThesis\Code\Grasp\train_network.py:127} INFO - Epoch: 2, Batch: 870, Loss: 0.0866
